<?xml version="1.0" encoding="UTF-8"?>
<!-- Generated by org.testng.reporters.JUnitReportReporter -->
<testsuite hostname="Raees" failures="0" tests="3" name="com.Shopping.TestCases.LoginPageTest" time="42.009" errors="0" timestamp="2023-03-19T00:52:25 IST" skipped="0">
  <testcase classname="com.Shopping.TestCases.LoginPageTest" name="verifyvalidlogin" time="23.216"/>
  <system-out/>
  <testcase classname="com.Shopping.TestCases.LoginPageTest" name="verifyURL" time="7.939"/>
  <system-out/>
  <testcase classname="com.Shopping.TestCases.LoginPageTest" name="LogoTest" time="10.854"/>
  <system-out/>
</testsuite> <!-- com.Shopping.TestCases.LoginPageTest -->
