<?xml version="1.0" encoding="UTF-8"?>
<!-- Generated by org.testng.reporters.JUnitReportReporter -->
<testsuite hostname="Raees" failures="0" tests="3" name="com.Shopping.TestCases.HomePageTest" time="28.911" errors="0" timestamp="2023-04-04T11:35:02 IST" skipped="0">
  <testcase classname="com.Shopping.TestCases.HomePageTest" name="verifyPageTitle" time="12.779"/>
  <system-out/>
  <testcase classname="com.Shopping.TestCases.HomePageTest" name="verifyHomePageLanding" time="7.250"/>
  <system-out/>
  <testcase classname="com.Shopping.TestCases.HomePageTest" name="verifyCopyRightHomePage" time="8.882"/>
  <system-out/>
</testsuite> <!-- com.Shopping.TestCases.HomePageTest -->
